Please set email account credentials as environment variables for email to work.
 * Serving Flask app "server" (lazy loading)
 * Environment: production
   WARNING: This is a development server. Do not use it in a production deployment.
   Use a production WSGI server instead.
 * Debug mode: off
 * Running on http://127.0.0.1:6080/ (Press CTRL+C to quit)
127.0.0.1 - - [23/Apr/2021 22:58:16] "[37mDELETE /clear/v1 HTTP/1.1[0m" 200 -
127.0.0.1 - - [23/Apr/2021 22:58:16] "[37mPOST /auth/register/v2 HTTP/1.1[0m" 200 -
127.0.0.1 - - [23/Apr/2021 22:58:16] "[37mPOST /channels/create/v2 HTTP/1.1[0m" 200 -
127.0.0.1 - - [23/Apr/2021 22:58:16] "[31m[1mPOST /channel/addowner/v1 HTTP/1.1[0m" 400 -
127.0.0.1 - - [23/Apr/2021 22:58:16] "[37mDELETE /clear/v1 HTTP/1.1[0m" 200 -
127.0.0.1 - - [23/Apr/2021 22:58:16] "[37mPOST /auth/register/v2 HTTP/1.1[0m" 200 -
127.0.0.1 - - [23/Apr/2021 22:58:16] "[31m[1mPOST /channel/addowner/v1 HTTP/1.1[0m" 400 -
127.0.0.1 - - [23/Apr/2021 22:58:16] "[37mDELETE /clear/v1 HTTP/1.1[0m" 200 -
127.0.0.1 - - [23/Apr/2021 22:58:16] "[37mPOST /auth/register/v2 HTTP/1.1[0m" 200 -
127.0.0.1 - - [23/Apr/2021 22:58:16] "[37mPOST /channels/create/v2 HTTP/1.1[0m" 200 -
127.0.0.1 - - [23/Apr/2021 22:58:16] "[31m[1mPOST /channel/addowner/v1 HTTP/1.1[0m" 400 -
127.0.0.1 - - [23/Apr/2021 22:58:16] "[31m[1mPOST /channel/addowner/v1 HTTP/1.1[0m" 400 -
127.0.0.1 - - [23/Apr/2021 22:58:16] "[37mDELETE /clear/v1 HTTP/1.1[0m" 200 -
127.0.0.1 - - [23/Apr/2021 22:58:16] "[37mPOST /auth/register/v2 HTTP/1.1[0m" 200 -
127.0.0.1 - - [23/Apr/2021 22:58:16] "[37mPOST /auth/register/v2 HTTP/1.1[0m" 200 -
127.0.0.1 - - [23/Apr/2021 22:58:16] "[37mPOST /channels/create/v2 HTTP/1.1[0m" 200 -
127.0.0.1 - - [23/Apr/2021 22:58:16] "[31m[1mPOST /channel/join/v2 HTTP/1.1[0m" 400 -
127.0.0.1 - - [23/Apr/2021 22:58:16] "[37mPOST /channel/join/v2 HTTP/1.1[0m" 200 -
127.0.0.1 - - [23/Apr/2021 22:58:16] "[31m[1mPOST /channel/addowner/v1 HTTP/1.1[0m" 403 -
127.0.0.1 - - [23/Apr/2021 22:58:16] "[37mDELETE /clear/v1 HTTP/1.1[0m" 200 -
127.0.0.1 - - [23/Apr/2021 22:58:16] "[37mPOST /auth/register/v2 HTTP/1.1[0m" 200 -
127.0.0.1 - - [23/Apr/2021 22:58:16] "[37mPOST /channels/create/v2 HTTP/1.1[0m" 200 -
127.0.0.1 - - [23/Apr/2021 22:58:16] "[31m[1mPOST /channel/addowner/v1 HTTP/1.1[0m" 400 -
127.0.0.1 - - [23/Apr/2021 22:58:16] "[37mDELETE /clear/v1 HTTP/1.1[0m" 200 -
127.0.0.1 - - [23/Apr/2021 22:58:16] "[37mPOST /auth/register/v2 HTTP/1.1[0m" 200 -
127.0.0.1 - - [23/Apr/2021 22:58:16] "[31m[1mPOST /channel/addowner/v1 HTTP/1.1[0m" 400 -
127.0.0.1 - - [23/Apr/2021 22:58:16] "[37mDELETE /clear/v1 HTTP/1.1[0m" 200 -
127.0.0.1 - - [23/Apr/2021 22:58:16] "[37mPOST /auth/register/v2 HTTP/1.1[0m" 200 -
127.0.0.1 - - [23/Apr/2021 22:58:16] "[37mPOST /channels/create/v2 HTTP/1.1[0m" 200 -
127.0.0.1 - - [23/Apr/2021 22:58:16] "[31m[1mPOST /channel/addowner/v1 HTTP/1.1[0m" 400 -
127.0.0.1 - - [23/Apr/2021 22:58:16] "[31m[1mPOST /channel/addowner/v1 HTTP/1.1[0m" 400 -
127.0.0.1 - - [23/Apr/2021 22:58:16] "[37mDELETE /clear/v1 HTTP/1.1[0m" 200 -
127.0.0.1 - - [23/Apr/2021 22:58:16] "[37mPOST /auth/register/v2 HTTP/1.1[0m" 200 -
127.0.0.1 - - [23/Apr/2021 22:58:16] "[37mPOST /auth/register/v2 HTTP/1.1[0m" 200 -
127.0.0.1 - - [23/Apr/2021 22:58:16] "[37mPOST /channels/create/v2 HTTP/1.1[0m" 200 -
127.0.0.1 - - [23/Apr/2021 22:58:16] "[31m[1mPOST /channel/join/v2 HTTP/1.1[0m" 400 -
127.0.0.1 - - [23/Apr/2021 22:58:16] "[37mPOST /channel/join/v2 HTTP/1.1[0m" 200 -
127.0.0.1 - - [23/Apr/2021 22:58:16] "[31m[1mPOST /channel/addowner/v1 HTTP/1.1[0m" 403 -
127.0.0.1 - - [23/Apr/2021 22:58:16] "[37mDELETE /clear/v1 HTTP/1.1[0m" 200 -
127.0.0.1 - - [23/Apr/2021 22:58:16] "[37mPOST /auth/register/v2 HTTP/1.1[0m" 200 -
127.0.0.1 - - [23/Apr/2021 22:58:16] "[37mPOST /channels/create/v2 HTTP/1.1[0m" 200 -
127.0.0.1 - - [23/Apr/2021 22:58:16] "[31m[1mPOST /channel/join/v2 HTTP/1.1[0m" 400 -
[2021-04-23 22:58:16,948] ERROR in app: Exception on /channel/details/v2 [GET]
Traceback (most recent call last):
  File "/import/kamen/3/cs1531/.local/lib/python3.7/site-packages/flask/app.py", line 1950, in full_dispatch_request
    rv = self.dispatch_request()
  File "/import/kamen/3/cs1531/.local/lib/python3.7/site-packages/flask/app.py", line 1936, in dispatch_request
    return self.view_functions[rule.endpoint](**req.view_args)
  File "/tmp_amd/kamen/export/kamen/3/cs1531/automark/src/server.py", line 74, in channel_details_server
    channel_id = int(request.args.get('channel_id'))
TypeError: int() argument must be a string, a bytes-like object or a number, not 'NoneType'

During handling of the above exception, another exception occurred:

Traceback (most recent call last):
  File "/import/kamen/3/cs1531/.local/lib/python3.7/site-packages/flask/app.py", line 2447, in wsgi_app
    response = self.full_dispatch_request()
  File "/import/kamen/3/cs1531/.local/lib/python3.7/site-packages/flask/app.py", line 1952, in full_dispatch_request
    rv = self.handle_user_exception(e)
  File "/import/kamen/3/cs1531/.local/lib/python3.7/site-packages/flask_cors/extension.py", line 165, in wrapped_function
    return cors_after_request(app.make_response(f(*args, **kwargs)))
  File "/import/kamen/3/cs1531/.local/lib/python3.7/site-packages/flask/app.py", line 1822, in handle_user_exception
    return handler(e)
  File "/tmp_amd/kamen/export/kamen/3/cs1531/automark/src/api/error.py", line 5, in default_handler
    response = err.get_response()
AttributeError: 'TypeError' object has no attribute 'get_response'
127.0.0.1 - - [23/Apr/2021 22:58:16] "[35m[1mGET /channel/details/v2 HTTP/1.1[0m" 500 -
127.0.0.1 - - [23/Apr/2021 22:58:16] "[37mDELETE /clear/v1 HTTP/1.1[0m" 200 -
127.0.0.1 - - [23/Apr/2021 22:58:16] "[37mPOST /auth/register/v2 HTTP/1.1[0m" 200 -
[2021-04-23 22:58:16,979] ERROR in app: Exception on /channel/details/v2 [GET]
Traceback (most recent call last):
  File "/import/kamen/3/cs1531/.local/lib/python3.7/site-packages/flask/app.py", line 1950, in full_dispatch_request
    rv = self.dispatch_request()
  File "/import/kamen/3/cs1531/.local/lib/python3.7/site-packages/flask/app.py", line 1936, in dispatch_request
    return self.view_functions[rule.endpoint](**req.view_args)
  File "/tmp_amd/kamen/export/kamen/3/cs1531/automark/src/server.py", line 74, in channel_details_server
    channel_id = int(request.args.get('channel_id'))
TypeError: int() argument must be a string, a bytes-like object or a number, not 'NoneType'

During handling of the above exception, another exception occurred:

Traceback (most recent call last):
  File "/import/kamen/3/cs1531/.local/lib/python3.7/site-packages/flask/app.py", line 2447, in wsgi_app
    response = self.full_dispatch_request()
  File "/import/kamen/3/cs1531/.local/lib/python3.7/site-packages/flask/app.py", line 1952, in full_dispatch_request
    rv = self.handle_user_exception(e)
  File "/import/kamen/3/cs1531/.local/lib/python3.7/site-packages/flask_cors/extension.py", line 165, in wrapped_function
    return cors_after_request(app.make_response(f(*args, **kwargs)))
  File "/import/kamen/3/cs1531/.local/lib/python3.7/site-packages/flask/app.py", line 1822, in handle_user_exception
    return handler(e)
  File "/tmp_amd/kamen/export/kamen/3/cs1531/automark/src/api/error.py", line 5, in default_handler
    response = err.get_response()
AttributeError: 'TypeError' object has no attribute 'get_response'
127.0.0.1 - - [23/Apr/2021 22:58:16] "[35m[1mGET /channel/details/v2 HTTP/1.1[0m" 500 -
127.0.0.1 - - [23/Apr/2021 22:58:16] "[37mDELETE /clear/v1 HTTP/1.1[0m" 200 -
127.0.0.1 - - [23/Apr/2021 22:58:16] "[37mPOST /auth/register/v2 HTTP/1.1[0m" 200 -
127.0.0.1 - - [23/Apr/2021 22:58:17] "[37mPOST /channels/create/v2 HTTP/1.1[0m" 200 -
[2021-04-23 22:58:17,006] ERROR in app: Exception on /channel/details/v2 [GET]
Traceback (most recent call last):
  File "/import/kamen/3/cs1531/.local/lib/python3.7/site-packages/flask/app.py", line 1950, in full_dispatch_request
    rv = self.dispatch_request()
  File "/import/kamen/3/cs1531/.local/lib/python3.7/site-packages/flask/app.py", line 1936, in dispatch_request
    return self.view_functions[rule.endpoint](**req.view_args)
  File "/tmp_amd/kamen/export/kamen/3/cs1531/automark/src/server.py", line 74, in channel_details_server
    channel_id = int(request.args.get('channel_id'))
TypeError: int() argument must be a string, a bytes-like object or a number, not 'NoneType'

During handling of the above exception, another exception occurred:

Traceback (most recent call last):
  File "/import/kamen/3/cs1531/.local/lib/python3.7/site-packages/flask/app.py", line 2447, in wsgi_app
    response = self.full_dispatch_request()
  File "/import/kamen/3/cs1531/.local/lib/python3.7/site-packages/flask/app.py", line 1952, in full_dispatch_request
    rv = self.handle_user_exception(e)
  File "/import/kamen/3/cs1531/.local/lib/python3.7/site-packages/flask_cors/extension.py", line 165, in wrapped_function
    return cors_after_request(app.make_response(f(*args, **kwargs)))
  File "/import/kamen/3/cs1531/.local/lib/python3.7/site-packages/flask/app.py", line 1822, in handle_user_exception
    return handler(e)
  File "/tmp_amd/kamen/export/kamen/3/cs1531/automark/src/api/error.py", line 5, in default_handler
    response = err.get_response()
AttributeError: 'TypeError' object has no attribute 'get_response'
127.0.0.1 - - [23/Apr/2021 22:58:17] "[35m[1mGET /channel/details/v2 HTTP/1.1[0m" 500 -
127.0.0.1 - - [23/Apr/2021 22:58:17] "[37mDELETE /clear/v1 HTTP/1.1[0m" 200 -
127.0.0.1 - - [23/Apr/2021 22:58:17] "[37mPOST /auth/register/v2 HTTP/1.1[0m" 200 -
127.0.0.1 - - [23/Apr/2021 22:58:17] "[37mPOST /auth/register/v2 HTTP/1.1[0m" 200 -
127.0.0.1 - - [23/Apr/2021 22:58:17] "[37mPOST /channels/create/v2 HTTP/1.1[0m" 200 -
127.0.0.1 - - [23/Apr/2021 22:58:17] "[31m[1mPOST /channel/join/v2 HTTP/1.1[0m" 400 -
127.0.0.1 - - [23/Apr/2021 22:58:17] "[37mPOST /channel/invite/v2 HTTP/1.1[0m" 200 -
127.0.0.1 - - [23/Apr/2021 22:58:17] "[37mDELETE /clear/v1 HTTP/1.1[0m" 200 -
127.0.0.1 - - [23/Apr/2021 22:58:17] "[37mPOST /auth/register/v2 HTTP/1.1[0m" 200 -
127.0.0.1 - - [23/Apr/2021 22:58:17] "[37mPOST /auth/register/v2 HTTP/1.1[0m" 200 -
127.0.0.1 - - [23/Apr/2021 22:58:17] "[31m[1mPOST /channel/invite/v2 HTTP/1.1[0m" 400 -
127.0.0.1 - - [23/Apr/2021 22:58:17] "[37mDELETE /clear/v1 HTTP/1.1[0m" 200 -
127.0.0.1 - - [23/Apr/2021 22:58:17] "[37mPOST /auth/register/v2 HTTP/1.1[0m" 200 -
127.0.0.1 - - [23/Apr/2021 22:58:17] "[37mPOST /channels/create/v2 HTTP/1.1[0m" 200 -
127.0.0.1 - - [23/Apr/2021 22:58:17] "[31m[1mPOST /channel/join/v2 HTTP/1.1[0m" 400 -
127.0.0.1 - - [23/Apr/2021 22:58:17] "[31m[1mPOST /channel/invite/v2 HTTP/1.1[0m" 400 -
127.0.0.1 - - [23/Apr/2021 22:58:17] "[37mDELETE /clear/v1 HTTP/1.1[0m" 200 -
127.0.0.1 - - [23/Apr/2021 22:58:17] "[37mPOST /auth/register/v2 HTTP/1.1[0m" 200 -
127.0.0.1 - - [23/Apr/2021 22:58:17] "[37mPOST /auth/register/v2 HTTP/1.1[0m" 200 -
127.0.0.1 - - [23/Apr/2021 22:58:17] "[37mPOST /channels/create/v2 HTTP/1.1[0m" 200 -
127.0.0.1 - - [23/Apr/2021 22:58:17] "[37mPOST /channel/invite/v2 HTTP/1.1[0m" 200 -
127.0.0.1 - - [23/Apr/2021 22:58:17] "[37mDELETE /clear/v1 HTTP/1.1[0m" 200 -
127.0.0.1 - - [23/Apr/2021 22:58:17] "[37mPOST /auth/register/v2 HTTP/1.1[0m" 200 -
127.0.0.1 - - [23/Apr/2021 22:58:17] "[37mPOST /channels/create/v2 HTTP/1.1[0m" 200 -
127.0.0.1 - - [23/Apr/2021 22:58:17] "[31m[1mPOST /channel/join/v2 HTTP/1.1[0m" 400 -
127.0.0.1 - - [23/Apr/2021 22:58:17] "[37mDELETE /clear/v1 HTTP/1.1[0m" 200 -
127.0.0.1 - - [23/Apr/2021 22:58:17] "[37mPOST /auth/register/v2 HTTP/1.1[0m" 200 -
127.0.0.1 - - [23/Apr/2021 22:58:17] "[31m[1mPOST /channel/join/v2 HTTP/1.1[0m" 400 -
127.0.0.1 - - [23/Apr/2021 22:58:17] "[37mDELETE /clear/v1 HTTP/1.1[0m" 200 -
127.0.0.1 - - [23/Apr/2021 22:58:17] "[37mPOST /auth/register/v2 HTTP/1.1[0m" 200 -
127.0.0.1 - - [23/Apr/2021 22:58:17] "[37mPOST /channels/create/v2 HTTP/1.1[0m" 200 -
127.0.0.1 - - [23/Apr/2021 22:58:17] "[31m[1mPOST /channel/join/v2 HTTP/1.1[0m" 400 -
127.0.0.1 - - [23/Apr/2021 22:58:17] "[37mDELETE /clear/v1 HTTP/1.1[0m" 200 -
127.0.0.1 - - [23/Apr/2021 22:58:17] "[37mPOST /auth/register/v2 HTTP/1.1[0m" 200 -
127.0.0.1 - - [23/Apr/2021 22:58:17] "[37mPOST /channels/create/v2 HTTP/1.1[0m" 200 -
127.0.0.1 - - [23/Apr/2021 22:58:17] "[31m[1mPOST /channel/addowner/v1 HTTP/1.1[0m" 400 -
127.0.0.1 - - [23/Apr/2021 22:58:17] "[33mPOST /channel/leave/v2 HTTP/1.1[0m" 404 -
127.0.0.1 - - [23/Apr/2021 22:58:17] "[37mDELETE /clear/v1 HTTP/1.1[0m" 200 -
127.0.0.1 - - [23/Apr/2021 22:58:17] "[37mPOST /auth/register/v2 HTTP/1.1[0m" 200 -
127.0.0.1 - - [23/Apr/2021 22:58:17] "[33mPOST /channel/leave/v2 HTTP/1.1[0m" 404 -
127.0.0.1 - - [23/Apr/2021 22:58:17] "[37mDELETE /clear/v1 HTTP/1.1[0m" 200 -
127.0.0.1 - - [23/Apr/2021 22:58:17] "[37mPOST /auth/register/v2 HTTP/1.1[0m" 200 -
127.0.0.1 - - [23/Apr/2021 22:58:17] "[37mPOST /channels/create/v2 HTTP/1.1[0m" 200 -
127.0.0.1 - - [23/Apr/2021 22:58:17] "[33mPOST /channel/leave/v2 HTTP/1.1[0m" 404 -
127.0.0.1 - - [23/Apr/2021 22:58:17] "[37mDELETE /clear/v1 HTTP/1.1[0m" 200 -
127.0.0.1 - - [23/Apr/2021 22:58:17] "[37mPOST /auth/register/v2 HTTP/1.1[0m" 200 -
127.0.0.1 - - [23/Apr/2021 22:58:17] "[37mPOST /channels/create/v2 HTTP/1.1[0m" 200 -
127.0.0.1 - - [23/Apr/2021 22:58:17] "[31m[1mPOST /channel/join/v2 HTTP/1.1[0m" 400 -
[2021-04-23 22:58:17,277] ERROR in app: Exception on /channel/messages/v2 [GET]
Traceback (most recent call last):
  File "/import/kamen/3/cs1531/.local/lib/python3.7/site-packages/flask/app.py", line 1950, in full_dispatch_request
    rv = self.dispatch_request()
  File "/import/kamen/3/cs1531/.local/lib/python3.7/site-packages/flask/app.py", line 1936, in dispatch_request
    return self.view_functions[rule.endpoint](**req.view_args)
  File "/tmp_amd/kamen/export/kamen/3/cs1531/automark/src/server.py", line 84, in channel_messages_server
    channel_id = int(request.args.get('channel_id'))
TypeError: int() argument must be a string, a bytes-like object or a number, not 'NoneType'

During handling of the above exception, another exception occurred:

Traceback (most recent call last):
  File "/import/kamen/3/cs1531/.local/lib/python3.7/site-packages/flask/app.py", line 2447, in wsgi_app
    response = self.full_dispatch_request()
  File "/import/kamen/3/cs1531/.local/lib/python3.7/site-packages/flask/app.py", line 1952, in full_dispatch_request
    rv = self.handle_user_exception(e)
  File "/import/kamen/3/cs1531/.local/lib/python3.7/site-packages/flask_cors/extension.py", line 165, in wrapped_function
    return cors_after_request(app.make_response(f(*args, **kwargs)))
  File "/import/kamen/3/cs1531/.local/lib/python3.7/site-packages/flask/app.py", line 1822, in handle_user_exception
    return handler(e)
  File "/tmp_amd/kamen/export/kamen/3/cs1531/automark/src/api/error.py", line 5, in default_handler
    response = err.get_response()
AttributeError: 'TypeError' object has no attribute 'get_response'
127.0.0.1 - - [23/Apr/2021 22:58:17] "[35m[1mGET /channel/messages/v2 HTTP/1.1[0m" 500 -
127.0.0.1 - - [23/Apr/2021 22:58:17] "[37mDELETE /clear/v1 HTTP/1.1[0m" 200 -
127.0.0.1 - - [23/Apr/2021 22:58:17] "[37mPOST /auth/register/v2 HTTP/1.1[0m" 200 -
[2021-04-23 22:58:17,299] ERROR in app: Exception on /channel/messages/v2 [GET]
Traceback (most recent call last):
  File "/import/kamen/3/cs1531/.local/lib/python3.7/site-packages/flask/app.py", line 1950, in full_dispatch_request
    rv = self.dispatch_request()
  File "/import/kamen/3/cs1531/.local/lib/python3.7/site-packages/flask/app.py", line 1936, in dispatch_request
    return self.view_functions[rule.endpoint](**req.view_args)
  File "/tmp_amd/kamen/export/kamen/3/cs1531/automark/src/server.py", line 84, in channel_messages_server
    channel_id = int(request.args.get('channel_id'))
TypeError: int() argument must be a string, a bytes-like object or a number, not 'NoneType'

During handling of the above exception, another exception occurred:

Traceback (most recent call last):
  File "/import/kamen/3/cs1531/.local/lib/python3.7/site-packages/flask/app.py", line 2447, in wsgi_app
    response = self.full_dispatch_request()
  File "/import/kamen/3/cs1531/.local/lib/python3.7/site-packages/flask/app.py", line 1952, in full_dispatch_request
    rv = self.handle_user_exception(e)
  File "/import/kamen/3/cs1531/.local/lib/python3.7/site-packages/flask_cors/extension.py", line 165, in wrapped_function
    return cors_after_request(app.make_response(f(*args, **kwargs)))
  File "/import/kamen/3/cs1531/.local/lib/python3.7/site-packages/flask/app.py", line 1822, in handle_user_exception
    return handler(e)
  File "/tmp_amd/kamen/export/kamen/3/cs1531/automark/src/api/error.py", line 5, in default_handler
    response = err.get_response()
AttributeError: 'TypeError' object has no attribute 'get_response'
127.0.0.1 - - [23/Apr/2021 22:58:17] "[35m[1mGET /channel/messages/v2 HTTP/1.1[0m" 500 -
127.0.0.1 - - [23/Apr/2021 22:58:17] "[37mDELETE /clear/v1 HTTP/1.1[0m" 200 -
127.0.0.1 - - [23/Apr/2021 22:58:17] "[37mPOST /auth/register/v2 HTTP/1.1[0m" 200 -
127.0.0.1 - - [23/Apr/2021 22:58:17] "[37mPOST /channels/create/v2 HTTP/1.1[0m" 200 -
127.0.0.1 - - [23/Apr/2021 22:58:17] "[31m[1mPOST /channel/join/v2 HTTP/1.1[0m" 400 -
127.0.0.1 - - [23/Apr/2021 22:58:17] "[31m[1mPOST /channel/join/v2 HTTP/1.1[0m" 400 -
127.0.0.1 - - [23/Apr/2021 22:58:17] "[37mDELETE /clear/v1 HTTP/1.1[0m" 200 -
127.0.0.1 - - [23/Apr/2021 22:58:17] "[37mPOST /auth/register/v2 HTTP/1.1[0m" 200 -
127.0.0.1 - - [23/Apr/2021 22:58:17] "[37mPOST /auth/register/v2 HTTP/1.1[0m" 200 -
127.0.0.1 - - [23/Apr/2021 22:58:17] "[37mPOST /channels/create/v2 HTTP/1.1[0m" 200 -
127.0.0.1 - - [23/Apr/2021 22:58:17] "[31m[1mPOST /channel/join/v2 HTTP/1.1[0m" 400 -
[2021-04-23 22:58:17,353] ERROR in app: Exception on /channel/messages/v2 [GET]
Traceback (most recent call last):
  File "/import/kamen/3/cs1531/.local/lib/python3.7/site-packages/flask/app.py", line 1950, in full_dispatch_request
    rv = self.dispatch_request()
  File "/import/kamen/3/cs1531/.local/lib/python3.7/site-packages/flask/app.py", line 1936, in dispatch_request
    return self.view_functions[rule.endpoint](**req.view_args)
  File "/tmp_amd/kamen/export/kamen/3/cs1531/automark/src/server.py", line 84, in channel_messages_server
    channel_id = int(request.args.get('channel_id'))
TypeError: int() argument must be a string, a bytes-like object or a number, not 'NoneType'

During handling of the above exception, another exception occurred:

Traceback (most recent call last):
  File "/import/kamen/3/cs1531/.local/lib/python3.7/site-packages/flask/app.py", line 2447, in wsgi_app
    response = self.full_dispatch_request()
  File "/import/kamen/3/cs1531/.local/lib/python3.7/site-packages/flask/app.py", line 1952, in full_dispatch_request
    rv = self.handle_user_exception(e)
  File "/import/kamen/3/cs1531/.local/lib/python3.7/site-packages/flask_cors/extension.py", line 165, in wrapped_function
    return cors_after_request(app.make_response(f(*args, **kwargs)))
  File "/import/kamen/3/cs1531/.local/lib/python3.7/site-packages/flask/app.py", line 1822, in handle_user_exception
    return handler(e)
  File "/tmp_amd/kamen/export/kamen/3/cs1531/automark/src/api/error.py", line 5, in default_handler
    response = err.get_response()
AttributeError: 'TypeError' object has no attribute 'get_response'
127.0.0.1 - - [23/Apr/2021 22:58:17] "[35m[1mGET /channel/messages/v2 HTTP/1.1[0m" 500 -
127.0.0.1 - - [23/Apr/2021 22:58:17] "[37mDELETE /clear/v1 HTTP/1.1[0m" 200 -
127.0.0.1 - - [23/Apr/2021 22:58:17] "[37mPOST /auth/register/v2 HTTP/1.1[0m" 200 -
127.0.0.1 - - [23/Apr/2021 22:58:17] "[37mPOST /auth/register/v2 HTTP/1.1[0m" 200 -
127.0.0.1 - - [23/Apr/2021 22:58:17] "[37mPOST /channels/create/v2 HTTP/1.1[0m" 200 -
127.0.0.1 - - [23/Apr/2021 22:58:17] "[31m[1mPOST /channel/join/v2 HTTP/1.1[0m" 400 -
127.0.0.1 - - [23/Apr/2021 22:58:17] "[37mPOST /channel/join/v2 HTTP/1.1[0m" 200 -
127.0.0.1 - - [23/Apr/2021 22:58:17] "[31m[1mPOST /channel/addowner/v1 HTTP/1.1[0m" 400 -
127.0.0.1 - - [23/Apr/2021 22:58:17] "[37mPOST /channel/addowner/v1 HTTP/1.1[0m" 200 -
127.0.0.1 - - [23/Apr/2021 22:58:17] "[37mPOST /channel/removeowner/v1 HTTP/1.1[0m" 200 -
127.0.0.1 - - [23/Apr/2021 22:58:17] "[37mDELETE /clear/v1 HTTP/1.1[0m" 200 -
127.0.0.1 - - [23/Apr/2021 22:58:17] "[37mPOST /auth/register/v2 HTTP/1.1[0m" 200 -
127.0.0.1 - - [23/Apr/2021 22:58:17] "[31m[1mPOST /channel/removeowner/v1 HTTP/1.1[0m" 400 -
127.0.0.1 - - [23/Apr/2021 22:58:17] "[37mDELETE /clear/v1 HTTP/1.1[0m" 200 -
127.0.0.1 - - [23/Apr/2021 22:58:17] "[37mPOST /auth/register/v2 HTTP/1.1[0m" 200 -
127.0.0.1 - - [23/Apr/2021 22:58:17] "[37mPOST /channels/create/v2 HTTP/1.1[0m" 200 -
127.0.0.1 - - [23/Apr/2021 22:58:17] "[31m[1mPOST /channel/join/v2 HTTP/1.1[0m" 400 -
127.0.0.1 - - [23/Apr/2021 22:58:17] "[31m[1mPOST /channel/removeowner/v1 HTTP/1.1[0m" 400 -
127.0.0.1 - - [23/Apr/2021 22:58:17] "[37mDELETE /clear/v1 HTTP/1.1[0m" 200 -
127.0.0.1 - - [23/Apr/2021 22:58:17] "[37mPOST /auth/register/v2 HTTP/1.1[0m" 200 -
127.0.0.1 - - [23/Apr/2021 22:58:17] "[37mPOST /channels/create/v2 HTTP/1.1[0m" 200 -
127.0.0.1 - - [23/Apr/2021 22:58:17] "[31m[1mPOST /channel/addowner/v1 HTTP/1.1[0m" 400 -
127.0.0.1 - - [23/Apr/2021 22:58:17] "[31m[1mPOST /channel/removeowner/v1 HTTP/1.1[0m" 400 -
127.0.0.1 - - [23/Apr/2021 22:58:17] "[37mDELETE /clear/v1 HTTP/1.1[0m" 200 -
127.0.0.1 - - [23/Apr/2021 22:58:17] "[37mPOST /auth/register/v2 HTTP/1.1[0m" 200 -
127.0.0.1 - - [23/Apr/2021 22:58:17] "[37mPOST /auth/register/v2 HTTP/1.1[0m" 200 -
127.0.0.1 - - [23/Apr/2021 22:58:17] "[37mPOST /auth/register/v2 HTTP/1.1[0m" 200 -
127.0.0.1 - - [23/Apr/2021 22:58:17] "[37mPOST /channels/create/v2 HTTP/1.1[0m" 200 -
127.0.0.1 - - [23/Apr/2021 22:58:17] "[31m[1mPOST /channel/addowner/v1 HTTP/1.1[0m" 400 -
127.0.0.1 - - [23/Apr/2021 22:58:17] "[37mPOST /channel/addowner/v1 HTTP/1.1[0m" 200 -
127.0.0.1 - - [23/Apr/2021 22:58:17] "[37mPOST /channel/join/v2 HTTP/1.1[0m" 200 -
127.0.0.1 - - [23/Apr/2021 22:58:17] "[31m[1mPOST /channel/removeowner/v1 HTTP/1.1[0m" 403 -
127.0.0.1 - - [23/Apr/2021 22:58:17] "[37mDELETE /clear/v1 HTTP/1.1[0m" 200 -
127.0.0.1 - - [23/Apr/2021 22:58:17] "[37mPOST /auth/register/v2 HTTP/1.1[0m" 200 -
127.0.0.1 - - [23/Apr/2021 22:58:17] "[37mPOST /channels/create/v2 HTTP/1.1[0m" 200 -
127.0.0.1 - - [23/Apr/2021 22:58:17] "[37mDELETE /clear/v1 HTTP/1.1[0m" 200 -
127.0.0.1 - - [23/Apr/2021 22:58:17] "[37mPOST /auth/register/v2 HTTP/1.1[0m" 200 -
127.0.0.1 - - [23/Apr/2021 22:58:17] "[37mPOST /channels/create/v2 HTTP/1.1[0m" 200 -
127.0.0.1 - - [23/Apr/2021 22:58:17] "[37mDELETE /clear/v1 HTTP/1.1[0m" 200 -
127.0.0.1 - - [23/Apr/2021 22:58:17] "[37mPOST /auth/register/v2 HTTP/1.1[0m" 200 -
127.0.0.1 - - [23/Apr/2021 22:58:17] "[31m[1mPOST /channels/create/v2 HTTP/1.1[0m" 400 -
127.0.0.1 - - [23/Apr/2021 22:58:17] "[37mDELETE /clear/v1 HTTP/1.1[0m" 200 -
127.0.0.1 - - [23/Apr/2021 22:58:17] "[37mPOST /auth/register/v2 HTTP/1.1[0m" 200 -
127.0.0.1 - - [23/Apr/2021 22:58:17] "[37mPOST /channels/create/v2 HTTP/1.1[0m" 200 -
127.0.0.1 - - [23/Apr/2021 22:58:17] "[31m[1mGET /channels/list/v2 HTTP/1.1[0m" 403 -
127.0.0.1 - - [23/Apr/2021 22:58:17] "[37mDELETE /clear/v1 HTTP/1.1[0m" 200 -
127.0.0.1 - - [23/Apr/2021 22:58:17] "[37mPOST /auth/register/v2 HTTP/1.1[0m" 200 -
127.0.0.1 - - [23/Apr/2021 22:58:17] "[37mPOST /channels/create/v2 HTTP/1.1[0m" 200 -
127.0.0.1 - - [23/Apr/2021 22:58:17] "[37mPOST /channels/create/v2 HTTP/1.1[0m" 200 -
127.0.0.1 - - [23/Apr/2021 22:58:17] "[31m[1mPOST /channel/join/v2 HTTP/1.1[0m" 400 -
127.0.0.1 - - [23/Apr/2021 22:58:17] "[31m[1mGET /channels/list/v2 HTTP/1.1[0m" 403 -
127.0.0.1 - - [23/Apr/2021 22:58:17] "[37mDELETE /clear/v1 HTTP/1.1[0m" 200 -
127.0.0.1 - - [23/Apr/2021 22:58:17] "[37mPOST /auth/register/v2 HTTP/1.1[0m" 200 -
127.0.0.1 - - [23/Apr/2021 22:58:17] "[37mPOST /auth/register/v2 HTTP/1.1[0m" 200 -
127.0.0.1 - - [23/Apr/2021 22:58:17] "[37mPOST /channels/create/v2 HTTP/1.1[0m" 200 -
127.0.0.1 - - [23/Apr/2021 22:58:17] "[37mPOST /channels/create/v2 HTTP/1.1[0m" 200 -
127.0.0.1 - - [23/Apr/2021 22:58:17] "[31m[1mPOST /channel/join/v2 HTTP/1.1[0m" 400 -
127.0.0.1 - - [23/Apr/2021 22:58:17] "[37mPOST /channel/join/v2 HTTP/1.1[0m" 200 -
127.0.0.1 - - [23/Apr/2021 22:58:17] "[31m[1mGET /channels/list/v2 HTTP/1.1[0m" 403 -
127.0.0.1 - - [23/Apr/2021 22:58:17] "[37mDELETE /clear/v1 HTTP/1.1[0m" 200 -
127.0.0.1 - - [23/Apr/2021 22:58:17] "[37mPOST /auth/register/v2 HTTP/1.1[0m" 200 -
127.0.0.1 - - [23/Apr/2021 22:58:17] "[37mPOST /channels/create/v2 HTTP/1.1[0m" 200 -
127.0.0.1 - - [23/Apr/2021 22:58:17] "[31m[1mGET /channels/listall/v2 HTTP/1.1[0m" 403 -
127.0.0.1 - - [23/Apr/2021 22:58:17] "[37mDELETE /clear/v1 HTTP/1.1[0m" 200 -
127.0.0.1 - - [23/Apr/2021 22:58:17] "[37mPOST /auth/register/v2 HTTP/1.1[0m" 200 -
127.0.0.1 - - [23/Apr/2021 22:58:17] "[37mPOST /channels/create/v2 HTTP/1.1[0m" 200 -
127.0.0.1 - - [23/Apr/2021 22:58:17] "[37mPOST /channels/create/v2 HTTP/1.1[0m" 200 -
127.0.0.1 - - [23/Apr/2021 22:58:17] "[31m[1mPOST /channel/join/v2 HTTP/1.1[0m" 400 -
127.0.0.1 - - [23/Apr/2021 22:58:17] "[31m[1mGET /channels/listall/v2 HTTP/1.1[0m" 403 -
127.0.0.1 - - [23/Apr/2021 22:58:17] "[37mDELETE /clear/v1 HTTP/1.1[0m" 200 -
127.0.0.1 - - [23/Apr/2021 22:58:17] "[37mPOST /auth/register/v2 HTTP/1.1[0m" 200 -
127.0.0.1 - - [23/Apr/2021 22:58:17] "[37mPOST /auth/register/v2 HTTP/1.1[0m" 200 -
127.0.0.1 - - [23/Apr/2021 22:58:17] "[37mPOST /channels/create/v2 HTTP/1.1[0m" 200 -
127.0.0.1 - - [23/Apr/2021 22:58:17] "[37mPOST /channels/create/v2 HTTP/1.1[0m" 200 -
127.0.0.1 - - [23/Apr/2021 22:58:17] "[31m[1mPOST /channel/join/v2 HTTP/1.1[0m" 400 -
127.0.0.1 - - [23/Apr/2021 22:58:17] "[31m[1mPOST /channel/join/v2 HTTP/1.1[0m" 400 -
127.0.0.1 - - [23/Apr/2021 22:58:17] "[31m[1mPOST /channel/join/v2 HTTP/1.1[0m" 400 -
127.0.0.1 - - [23/Apr/2021 22:58:17] "[31m[1mGET /channels/listall/v2 HTTP/1.1[0m" 403 -
127.0.0.1 - - [23/Apr/2021 22:58:17] "[37mDELETE /clear/v1 HTTP/1.1[0m" 200 -
127.0.0.1 - - [23/Apr/2021 22:58:17] "[37mPOST /auth/register/v2 HTTP/1.1[0m" 200 -
127.0.0.1 - - [23/Apr/2021 22:58:17] "[37mPOST /auth/register/v2 HTTP/1.1[0m" 200 -
127.0.0.1 - - [23/Apr/2021 22:58:17] "[37mPOST /dm/create/v1 HTTP/1.1[0m" 200 -
127.0.0.1 - - [23/Apr/2021 22:58:17] "[37mDELETE /clear/v1 HTTP/1.1[0m" 200 -
127.0.0.1 - - [23/Apr/2021 22:58:17] "[37mPOST /auth/register/v2 HTTP/1.1[0m" 200 -
127.0.0.1 - - [23/Apr/2021 22:58:17] "[31m[1mPOST /dm/create/v1 HTTP/1.1[0m" 400 -
127.0.0.1 - - [23/Apr/2021 22:58:17] "[37mDELETE /clear/v1 HTTP/1.1[0m" 200 -
127.0.0.1 - - [23/Apr/2021 22:58:17] "[37mPOST /auth/register/v2 HTTP/1.1[0m" 200 -
127.0.0.1 - - [23/Apr/2021 22:58:17] "[37mPOST /auth/register/v2 HTTP/1.1[0m" 200 -
127.0.0.1 - - [23/Apr/2021 22:58:17] "[37mPOST /dm/create/v1 HTTP/1.1[0m" 200 -
[2021-04-23 22:58:17,812] ERROR in app: Exception on /dm/details/v1 [GET]
Traceback (most recent call last):
  File "/import/kamen/3/cs1531/.local/lib/python3.7/site-packages/flask/app.py", line 1950, in full_dispatch_request
    rv = self.dispatch_request()
  File "/import/kamen/3/cs1531/.local/lib/python3.7/site-packages/flask/app.py", line 1936, in dispatch_request
    return self.view_functions[rule.endpoint](**req.view_args)
  File "/tmp_amd/kamen/export/kamen/3/cs1531/automark/src/server.py", line 211, in dm_details_server
    dm_id = int(request.args.get('dm_id'))
TypeError: int() argument must be a string, a bytes-like object or a number, not 'NoneType'

During handling of the above exception, another exception occurred:

Traceback (most recent call last):
  File "/import/kamen/3/cs1531/.local/lib/python3.7/site-packages/flask/app.py", line 2447, in wsgi_app
    response = self.full_dispatch_request()
  File "/import/kamen/3/cs1531/.local/lib/python3.7/site-packages/flask/app.py", line 1952, in full_dispatch_request
    rv = self.handle_user_exception(e)
  File "/import/kamen/3/cs1531/.local/lib/python3.7/site-packages/flask_cors/extension.py", line 165, in wrapped_function
    return cors_after_request(app.make_response(f(*args, **kwargs)))
  File "/import/kamen/3/cs1531/.local/lib/python3.7/site-packages/flask/app.py", line 1822, in handle_user_exception
    return handler(e)
  File "/tmp_amd/kamen/export/kamen/3/cs1531/automark/src/api/error.py", line 5, in default_handler
    response = err.get_response()
AttributeError: 'TypeError' object has no attribute 'get_response'
127.0.0.1 - - [23/Apr/2021 22:58:17] "[35m[1mGET /dm/details/v1 HTTP/1.1[0m" 500 -
127.0.0.1 - - [23/Apr/2021 22:58:17] "[37mDELETE /clear/v1 HTTP/1.1[0m" 200 -
127.0.0.1 - - [23/Apr/2021 22:58:17] "[37mPOST /auth/register/v2 HTTP/1.1[0m" 200 -
127.0.0.1 - - [23/Apr/2021 22:58:17] "[37mPOST /auth/register/v2 HTTP/1.1[0m" 200 -
127.0.0.1 - - [23/Apr/2021 22:58:17] "[37mPOST /dm/create/v1 HTTP/1.1[0m" 200 -
[2021-04-23 22:58:17,856] ERROR in app: Exception on /dm/details/v1 [GET]
Traceback (most recent call last):
  File "/import/kamen/3/cs1531/.local/lib/python3.7/site-packages/flask/app.py", line 1950, in full_dispatch_request
    rv = self.dispatch_request()
  File "/import/kamen/3/cs1531/.local/lib/python3.7/site-packages/flask/app.py", line 1936, in dispatch_request
    return self.view_functions[rule.endpoint](**req.view_args)
  File "/tmp_amd/kamen/export/kamen/3/cs1531/automark/src/server.py", line 211, in dm_details_server
    dm_id = int(request.args.get('dm_id'))
TypeError: int() argument must be a string, a bytes-like object or a number, not 'NoneType'

During handling of the above exception, another exception occurred:

Traceback (most recent call last):
  File "/import/kamen/3/cs1531/.local/lib/python3.7/site-packages/flask/app.py", line 2447, in wsgi_app
    response = self.full_dispatch_request()
  File "/import/kamen/3/cs1531/.local/lib/python3.7/site-packages/flask/app.py", line 1952, in full_dispatch_request
    rv = self.handle_user_exception(e)
  File "/import/kamen/3/cs1531/.local/lib/python3.7/site-packages/flask_cors/extension.py", line 165, in wrapped_function
    return cors_after_request(app.make_response(f(*args, **kwargs)))
  File "/import/kamen/3/cs1531/.local/lib/python3.7/site-packages/flask/app.py", line 1822, in handle_user_exception
    return handler(e)
  File "/tmp_amd/kamen/export/kamen/3/cs1531/automark/src/api/error.py", line 5, in default_handler
    response = err.get_response()
AttributeError: 'TypeError' object has no attribute 'get_response'
127.0.0.1 - - [23/Apr/2021 22:58:17] "[35m[1mGET /dm/details/v1 HTTP/1.1[0m" 500 -
127.0.0.1 - - [23/Apr/2021 22:58:17] "[37mDELETE /clear/v1 HTTP/1.1[0m" 200 -
127.0.0.1 - - [23/Apr/2021 22:58:17] "[37mPOST /auth/register/v2 HTTP/1.1[0m" 200 -
127.0.0.1 - - [23/Apr/2021 22:58:17] "[37mPOST /auth/register/v2 HTTP/1.1[0m" 200 -
127.0.0.1 - - [23/Apr/2021 22:58:17] "[31m[1mPOST /auth/register/v2 HTTP/1.1[0m" 400 -
127.0.0.1 - - [23/Apr/2021 22:58:17] "[37mDELETE /clear/v1 HTTP/1.1[0m" 200 -
127.0.0.1 - - [23/Apr/2021 22:58:17] "[37mPOST /auth/register/v2 HTTP/1.1[0m" 200 -
127.0.0.1 - - [23/Apr/2021 22:58:17] "[37mPOST /auth/register/v2 HTTP/1.1[0m" 200 -
127.0.0.1 - - [23/Apr/2021 22:58:17] "[37mPOST /dm/create/v1 HTTP/1.1[0m" 200 -
127.0.0.1 - - [23/Apr/2021 22:58:17] "[37mPOST /dm/invite/v1 HTTP/1.1[0m" 200 -
127.0.0.1 - - [23/Apr/2021 22:58:17] "[37mDELETE /clear/v1 HTTP/1.1[0m" 200 -
127.0.0.1 - - [23/Apr/2021 22:58:17] "[37mPOST /auth/register/v2 HTTP/1.1[0m" 200 -
127.0.0.1 - - [23/Apr/2021 22:58:17] "[37mPOST /auth/register/v2 HTTP/1.1[0m" 200 -
127.0.0.1 - - [23/Apr/2021 22:58:17] "[37mPOST /dm/create/v1 HTTP/1.1[0m" 200 -
127.0.0.1 - - [23/Apr/2021 22:58:17] "[31m[1mPOST /dm/invite/v1 HTTP/1.1[0m" 400 -
127.0.0.1 - - [23/Apr/2021 22:58:17] "[37mDELETE /clear/v1 HTTP/1.1[0m" 200 -
127.0.0.1 - - [23/Apr/2021 22:58:17] "[37mPOST /auth/register/v2 HTTP/1.1[0m" 200 -
127.0.0.1 - - [23/Apr/2021 22:58:17] "[37mPOST /auth/register/v2 HTTP/1.1[0m" 200 -
127.0.0.1 - - [23/Apr/2021 22:58:17] "[37mPOST /dm/create/v1 HTTP/1.1[0m" 200 -
127.0.0.1 - - [23/Apr/2021 22:58:17] "[37mPOST /dm/leave/v1 HTTP/1.1[0m" 200 -
127.0.0.1 - - [23/Apr/2021 22:58:17] "[37mDELETE /clear/v1 HTTP/1.1[0m" 200 -
127.0.0.1 - - [23/Apr/2021 22:58:17] "[37mPOST /auth/register/v2 HTTP/1.1[0m" 200 -
127.0.0.1 - - [23/Apr/2021 22:58:17] "[37mPOST /auth/register/v2 HTTP/1.1[0m" 200 -
127.0.0.1 - - [23/Apr/2021 22:58:17] "[37mPOST /dm/create/v1 HTTP/1.1[0m" 200 -
127.0.0.1 - - [23/Apr/2021 22:58:18] "[31m[1mPOST /dm/leave/v1 HTTP/1.1[0m" 400 -
127.0.0.1 - - [23/Apr/2021 22:58:18] "[37mDELETE /clear/v1 HTTP/1.1[0m" 200 -
127.0.0.1 - - [23/Apr/2021 22:58:18] "[37mPOST /auth/register/v2 HTTP/1.1[0m" 200 -
127.0.0.1 - - [23/Apr/2021 22:58:18] "[37mPOST /auth/register/v2 HTTP/1.1[0m" 200 -
127.0.0.1 - - [23/Apr/2021 22:58:18] "[37mPOST /dm/create/v1 HTTP/1.1[0m" 200 -
127.0.0.1 - - [23/Apr/2021 22:58:18] "[31m[1mPOST /dm/leave/v1 HTTP/1.1[0m" 403 -
127.0.0.1 - - [23/Apr/2021 22:58:18] "[37mDELETE /clear/v1 HTTP/1.1[0m" 200 -
127.0.0.1 - - [23/Apr/2021 22:58:18] "[37mPOST /auth/register/v2 HTTP/1.1[0m" 200 -
127.0.0.1 - - [23/Apr/2021 22:58:18] "[33mGET /channel/list/v2 HTTP/1.1[0m" 404 -
127.0.0.1 - - [23/Apr/2021 22:58:18] "[37mDELETE /clear/v1 HTTP/1.1[0m" 200 -
127.0.0.1 - - [23/Apr/2021 22:58:18] "[37mPOST /auth/register/v2 HTTP/1.1[0m" 200 -
127.0.0.1 - - [23/Apr/2021 22:58:18] "[37mPOST /dm/create/v1 HTTP/1.1[0m" 200 -
[2021-04-23 22:58:18,049] ERROR in app: Exception on /dm/messages/v1 [GET]
Traceback (most recent call last):
  File "/import/kamen/3/cs1531/.local/lib/python3.7/site-packages/flask/app.py", line 1950, in full_dispatch_request
    rv = self.dispatch_request()
  File "/import/kamen/3/cs1531/.local/lib/python3.7/site-packages/flask/app.py", line 1936, in dispatch_request
    return self.view_functions[rule.endpoint](**req.view_args)
  File "/tmp_amd/kamen/export/kamen/3/cs1531/automark/src/server.py", line 271, in dm_messages_server
    dm_id = int(request.args.get('dm_id'))
TypeError: int() argument must be a string, a bytes-like object or a number, not 'NoneType'

During handling of the above exception, another exception occurred:

Traceback (most recent call last):
  File "/import/kamen/3/cs1531/.local/lib/python3.7/site-packages/flask/app.py", line 2447, in wsgi_app
    response = self.full_dispatch_request()
  File "/import/kamen/3/cs1531/.local/lib/python3.7/site-packages/flask/app.py", line 1952, in full_dispatch_request
    rv = self.handle_user_exception(e)
  File "/import/kamen/3/cs1531/.local/lib/python3.7/site-packages/flask_cors/extension.py", line 165, in wrapped_function
    return cors_after_request(app.make_response(f(*args, **kwargs)))
  File "/import/kamen/3/cs1531/.local/lib/python3.7/site-packages/flask/app.py", line 1822, in handle_user_exception
    return handler(e)
  File "/tmp_amd/kamen/export/kamen/3/cs1531/automark/src/api/error.py", line 5, in default_handler
    response = err.get_response()
AttributeError: 'TypeError' object has no attribute 'get_response'
127.0.0.1 - - [23/Apr/2021 22:58:18] "[35m[1mGET /dm/messages/v1 HTTP/1.1[0m" 500 -
127.0.0.1 - - [23/Apr/2021 22:58:18] "[37mDELETE /clear/v1 HTTP/1.1[0m" 200 -
127.0.0.1 - - [23/Apr/2021 22:58:18] "[37mPOST /auth/register/v2 HTTP/1.1[0m" 200 -
[2021-04-23 22:58:18,071] ERROR in app: Exception on /dm/messages/v1 [GET]
Traceback (most recent call last):
  File "/import/kamen/3/cs1531/.local/lib/python3.7/site-packages/flask/app.py", line 1950, in full_dispatch_request
    rv = self.dispatch_request()
  File "/import/kamen/3/cs1531/.local/lib/python3.7/site-packages/flask/app.py", line 1936, in dispatch_request
    return self.view_functions[rule.endpoint](**req.view_args)
  File "/tmp_amd/kamen/export/kamen/3/cs1531/automark/src/server.py", line 271, in dm_messages_server
    dm_id = int(request.args.get('dm_id'))
TypeError: int() argument must be a string, a bytes-like object or a number, not 'NoneType'

During handling of the above exception, another exception occurred:

Traceback (most recent call last):
  File "/import/kamen/3/cs1531/.local/lib/python3.7/site-packages/flask/app.py", line 2447, in wsgi_app
    response = self.full_dispatch_request()
  File "/import/kamen/3/cs1531/.local/lib/python3.7/site-packages/flask/app.py", line 1952, in full_dispatch_request
    rv = self.handle_user_exception(e)
  File "/import/kamen/3/cs1531/.local/lib/python3.7/site-packages/flask_cors/extension.py", line 165, in wrapped_function
    return cors_after_request(app.make_response(f(*args, **kwargs)))
  File "/import/kamen/3/cs1531/.local/lib/python3.7/site-packages/flask/app.py", line 1822, in handle_user_exception
    return handler(e)
  File "/tmp_amd/kamen/export/kamen/3/cs1531/automark/src/api/error.py", line 5, in default_handler
    response = err.get_response()
AttributeError: 'TypeError' object has no attribute 'get_response'
127.0.0.1 - - [23/Apr/2021 22:58:18] "[35m[1mGET /dm/messages/v1 HTTP/1.1[0m" 500 -
127.0.0.1 - - [23/Apr/2021 22:58:18] "[37mDELETE /clear/v1 HTTP/1.1[0m" 200 -
127.0.0.1 - - [23/Apr/2021 22:58:18] "[37mPOST /auth/register/v2 HTTP/1.1[0m" 200 -
127.0.0.1 - - [23/Apr/2021 22:58:18] "[37mPOST /dm/create/v1 HTTP/1.1[0m" 200 -
[2021-04-23 22:58:18,095] ERROR in app: Exception on /dm/messages/v1 [GET]
Traceback (most recent call last):
  File "/import/kamen/3/cs1531/.local/lib/python3.7/site-packages/flask/app.py", line 1950, in full_dispatch_request
    rv = self.dispatch_request()
  File "/import/kamen/3/cs1531/.local/lib/python3.7/site-packages/flask/app.py", line 1936, in dispatch_request
    return self.view_functions[rule.endpoint](**req.view_args)
  File "/tmp_amd/kamen/export/kamen/3/cs1531/automark/src/server.py", line 271, in dm_messages_server
    dm_id = int(request.args.get('dm_id'))
TypeError: int() argument must be a string, a bytes-like object or a number, not 'NoneType'

During handling of the above exception, another exception occurred:

Traceback (most recent call last):
  File "/import/kamen/3/cs1531/.local/lib/python3.7/site-packages/flask/app.py", line 2447, in wsgi_app
    response = self.full_dispatch_request()
  File "/import/kamen/3/cs1531/.local/lib/python3.7/site-packages/flask/app.py", line 1952, in full_dispatch_request
    rv = self.handle_user_exception(e)
  File "/import/kamen/3/cs1531/.local/lib/python3.7/site-packages/flask_cors/extension.py", line 165, in wrapped_function
    return cors_after_request(app.make_response(f(*args, **kwargs)))
  File "/import/kamen/3/cs1531/.local/lib/python3.7/site-packages/flask/app.py", line 1822, in handle_user_exception
    return handler(e)
  File "/tmp_amd/kamen/export/kamen/3/cs1531/automark/src/api/error.py", line 5, in default_handler
    response = err.get_response()
AttributeError: 'TypeError' object has no attribute 'get_response'
127.0.0.1 - - [23/Apr/2021 22:58:18] "[35m[1mGET /dm/messages/v1 HTTP/1.1[0m" 500 -
127.0.0.1 - - [23/Apr/2021 22:58:18] "[37mDELETE /clear/v1 HTTP/1.1[0m" 200 -
127.0.0.1 - - [23/Apr/2021 22:58:18] "[37mPOST /auth/register/v2 HTTP/1.1[0m" 200 -
127.0.0.1 - - [23/Apr/2021 22:58:18] "[37mPOST /auth/register/v2 HTTP/1.1[0m" 200 -
127.0.0.1 - - [23/Apr/2021 22:58:18] "[37mPOST /dm/create/v1 HTTP/1.1[0m" 200 -
[2021-04-23 22:58:18,124] ERROR in app: Exception on /dm/messages/v1 [GET]
Traceback (most recent call last):
  File "/import/kamen/3/cs1531/.local/lib/python3.7/site-packages/flask/app.py", line 1950, in full_dispatch_request
    rv = self.dispatch_request()
  File "/import/kamen/3/cs1531/.local/lib/python3.7/site-packages/flask/app.py", line 1936, in dispatch_request
    return self.view_functions[rule.endpoint](**req.view_args)
  File "/tmp_amd/kamen/export/kamen/3/cs1531/automark/src/server.py", line 271, in dm_messages_server
    dm_id = int(request.args.get('dm_id'))
TypeError: int() argument must be a string, a bytes-like object or a number, not 'NoneType'

During handling of the above exception, another exception occurred:

Traceback (most recent call last):
  File "/import/kamen/3/cs1531/.local/lib/python3.7/site-packages/flask/app.py", line 2447, in wsgi_app
    response = self.full_dispatch_request()
  File "/import/kamen/3/cs1531/.local/lib/python3.7/site-packages/flask/app.py", line 1952, in full_dispatch_request
    rv = self.handle_user_exception(e)
  File "/import/kamen/3/cs1531/.local/lib/python3.7/site-packages/flask_cors/extension.py", line 165, in wrapped_function
    return cors_after_request(app.make_response(f(*args, **kwargs)))
  File "/import/kamen/3/cs1531/.local/lib/python3.7/site-packages/flask/app.py", line 1822, in handle_user_exception
    return handler(e)
  File "/tmp_amd/kamen/export/kamen/3/cs1531/automark/src/api/error.py", line 5, in default_handler
    response = err.get_response()
AttributeError: 'TypeError' object has no attribute 'get_response'
127.0.0.1 - - [23/Apr/2021 22:58:18] "[35m[1mGET /dm/messages/v1 HTTP/1.1[0m" 500 -
127.0.0.1 - - [23/Apr/2021 22:58:18] "[37mDELETE /clear/v1 HTTP/1.1[0m" 200 -
127.0.0.1 - - [23/Apr/2021 22:58:18] "[37mPOST /auth/register/v2 HTTP/1.1[0m" 200 -
127.0.0.1 - - [23/Apr/2021 22:58:18] "[37mPOST /dm/create/v1 HTTP/1.1[0m" 200 -
127.0.0.1 - - [23/Apr/2021 22:58:18] "[37mDELETE /dm/remove/v1 HTTP/1.1[0m" 200 -
127.0.0.1 - - [23/Apr/2021 22:58:18] "[37mDELETE /clear/v1 HTTP/1.1[0m" 200 -
127.0.0.1 - - [23/Apr/2021 22:58:18] "[37mPOST /auth/register/v2 HTTP/1.1[0m" 200 -
127.0.0.1 - - [23/Apr/2021 22:58:18] "[31m[1mDELETE /dm/remove/v1 HTTP/1.1[0m" 400 -
127.0.0.1 - - [23/Apr/2021 22:58:18] "[33mGET /echo?data=hello HTTP/1.1[0m" 404 -
127.0.0.1 - - [23/Apr/2021 22:58:18] "[37mDELETE /clear/v1 HTTP/1.1[0m" 200 -
127.0.0.1 - - [23/Apr/2021 22:58:18] "[37mPOST /auth/register/v2 HTTP/1.1[0m" 200 -
127.0.0.1 - - [23/Apr/2021 22:58:18] "[37mPOST /channels/create/v2 HTTP/1.1[0m" 200 -
127.0.0.1 - - [23/Apr/2021 22:58:18] "[31m[1mPOST /channel/join/v2 HTTP/1.1[0m" 400 -
127.0.0.1 - - [23/Apr/2021 22:58:18] "[33mPOST /message/send/v1 HTTP/1.1[0m" 404 -
127.0.0.1 - - [23/Apr/2021 22:58:18] "[37mDELETE /clear/v1 HTTP/1.1[0m" 200 -
127.0.0.1 - - [23/Apr/2021 22:58:18] "[37mPOST /auth/register/v2 HTTP/1.1[0m" 200 -
127.0.0.1 - - [23/Apr/2021 22:58:18] "[37mPOST /channels/create/v2 HTTP/1.1[0m" 200 -
127.0.0.1 - - [23/Apr/2021 22:58:18] "[31m[1mPOST /channel/join/v2 HTTP/1.1[0m" 400 -
127.0.0.1 - - [23/Apr/2021 22:58:18] "[33mPOST /message/send/v1 HTTP/1.1[0m" 404 -
127.0.0.1 - - [23/Apr/2021 22:58:18] "[37mDELETE /clear/v1 HTTP/1.1[0m" 200 -
127.0.0.1 - - [23/Apr/2021 22:58:18] "[37mPOST /auth/register/v2 HTTP/1.1[0m" 200 -
127.0.0.1 - - [23/Apr/2021 22:58:18] "[37mPOST /auth/register/v2 HTTP/1.1[0m" 200 -
127.0.0.1 - - [23/Apr/2021 22:58:18] "[37mPOST /channels/create/v2 HTTP/1.1[0m" 200 -
127.0.0.1 - - [23/Apr/2021 22:58:18] "[31m[1mPOST /channel/join/v2 HTTP/1.1[0m" 400 -
127.0.0.1 - - [23/Apr/2021 22:58:18] "[37mPOST /channel/join/v2 HTTP/1.1[0m" 200 -
127.0.0.1 - - [23/Apr/2021 22:58:18] "[33mPOST /message/send/v1 HTTP/1.1[0m" 404 -
127.0.0.1 - - [23/Apr/2021 22:58:18] "[37mDELETE /clear/v1 HTTP/1.1[0m" 200 -
127.0.0.1 - - [23/Apr/2021 22:58:18] "[37mPOST /auth/register/v2 HTTP/1.1[0m" 200 -
127.0.0.1 - - [23/Apr/2021 22:58:18] "[37mPOST /channels/create/v2 HTTP/1.1[0m" 200 -
127.0.0.1 - - [23/Apr/2021 22:58:18] "[31m[1mPOST /channel/join/v2 HTTP/1.1[0m" 400 -
127.0.0.1 - - [23/Apr/2021 22:58:18] "[33mPOST /message/send/v1 HTTP/1.1[0m" 404 -
127.0.0.1 - - [23/Apr/2021 22:58:18] "[31m[1mDELETE /message/remove/v1 HTTP/1.1[0m" 400 -
127.0.0.1 - - [23/Apr/2021 22:58:18] "[37mDELETE /clear/v1 HTTP/1.1[0m" 200 -
127.0.0.1 - - [23/Apr/2021 22:58:18] "[37mPOST /auth/register/v2 HTTP/1.1[0m" 200 -
127.0.0.1 - - [23/Apr/2021 22:58:18] "[37mPOST /auth/register/v2 HTTP/1.1[0m" 200 -
127.0.0.1 - - [23/Apr/2021 22:58:18] "[37mPOST /channels/create/v2 HTTP/1.1[0m" 200 -
127.0.0.1 - - [23/Apr/2021 22:58:18] "[31m[1mPOST /channel/join/v2 HTTP/1.1[0m" 400 -
127.0.0.1 - - [23/Apr/2021 22:58:18] "[33mPOST /message/send/v1 HTTP/1.1[0m" 404 -
127.0.0.1 - - [23/Apr/2021 22:58:18] "[37mDELETE /clear/v1 HTTP/1.1[0m" 200 -
127.0.0.1 - - [23/Apr/2021 22:58:18] "[37mPOST /auth/register/v2 HTTP/1.1[0m" 200 -
127.0.0.1 - - [23/Apr/2021 22:58:18] "[37mPOST /channels/create/v2 HTTP/1.1[0m" 200 -
127.0.0.1 - - [23/Apr/2021 22:58:18] "[31m[1mPOST /channel/join/v2 HTTP/1.1[0m" 400 -
127.0.0.1 - - [23/Apr/2021 22:58:18] "[33mPOST /message/send/v1 HTTP/1.1[0m" 404 -
127.0.0.1 - - [23/Apr/2021 22:58:18] "[37mDELETE /clear/v1 HTTP/1.1[0m" 200 -
127.0.0.1 - - [23/Apr/2021 22:58:18] "[37mPOST /auth/register/v2 HTTP/1.1[0m" 200 -
127.0.0.1 - - [23/Apr/2021 22:58:18] "[37mPOST /auth/register/v2 HTTP/1.1[0m" 200 -
127.0.0.1 - - [23/Apr/2021 22:58:18] "[37mPOST /dm/create/v1 HTTP/1.1[0m" 200 -
127.0.0.1 - - [23/Apr/2021 22:58:18] "[37mPOST /dm/create/v1 HTTP/1.1[0m" 200 -
127.0.0.1 - - [23/Apr/2021 22:58:18] "[33mPOST //message/senddm/v2 HTTP/1.1[0m" 404 -
127.0.0.1 - - [23/Apr/2021 22:58:18] "[37mDELETE /clear/v1 HTTP/1.1[0m" 200 -
127.0.0.1 - - [23/Apr/2021 22:58:18] "[37mPOST /auth/register/v2 HTTP/1.1[0m" 200 -
127.0.0.1 - - [23/Apr/2021 22:58:18] "[37mPOST /channels/create/v2 HTTP/1.1[0m" 200 -
127.0.0.1 - - [23/Apr/2021 22:58:18] "[31m[1mPOST /channel/join/v2 HTTP/1.1[0m" 400 -
127.0.0.1 - - [23/Apr/2021 22:58:18] "[33mPOST /message/send/v1 HTTP/1.1[0m" 404 -
127.0.0.1 - - [23/Apr/2021 22:58:18] "[37mDELETE /clear/v1 HTTP/1.1[0m" 200 -
127.0.0.1 - - [23/Apr/2021 22:58:18] "[37mPOST /auth/register/v2 HTTP/1.1[0m" 200 -
127.0.0.1 - - [23/Apr/2021 22:58:18] "[37mPOST /channels/create/v2 HTTP/1.1[0m" 200 -
127.0.0.1 - - [23/Apr/2021 22:58:18] "[31m[1mPOST /channel/join/v2 HTTP/1.1[0m" 400 -
127.0.0.1 - - [23/Apr/2021 22:58:18] "[33mPOST /message/send/v1 HTTP/1.1[0m" 404 -
127.0.0.1 - - [23/Apr/2021 22:58:18] "[37mDELETE /clear/v1 HTTP/1.1[0m" 200 -
127.0.0.1 - - [23/Apr/2021 22:58:18] "[37mPOST /auth/register/v2 HTTP/1.1[0m" 200 -
127.0.0.1 - - [23/Apr/2021 22:58:18] "[37mPOST /channels/create/v2 HTTP/1.1[0m" 200 -
127.0.0.1 - - [23/Apr/2021 22:58:18] "[33mPOST /message/send/v1 HTTP/1.1[0m" 404 -
127.0.0.1 - - [23/Apr/2021 22:58:18] "[37mDELETE /clear/v1 HTTP/1.1[0m" 200 -
127.0.0.1 - - [23/Apr/2021 22:58:18] "[37mPOST /auth/register/v2 HTTP/1.1[0m" 200 -
127.0.0.1 - - [23/Apr/2021 22:58:18] "[37mPOST /auth/register/v2 HTTP/1.1[0m" 200 -
127.0.0.1 - - [23/Apr/2021 22:58:18] "[37mPOST /dm/create/v1 HTTP/1.1[0m" 200 -
127.0.0.1 - - [23/Apr/2021 22:58:18] "[31m[1mPOST /message/senddm/v1 HTTP/1.1[0m" 400 -
127.0.0.1 - - [23/Apr/2021 22:58:18] "[37mDELETE /clear/v1 HTTP/1.1[0m" 200 -
127.0.0.1 - - [23/Apr/2021 22:58:18] "[37mPOST /auth/register/v2 HTTP/1.1[0m" 200 -
127.0.0.1 - - [23/Apr/2021 22:58:18] "[37mPOST /channels/create/v2 HTTP/1.1[0m" 200 -
127.0.0.1 - - [23/Apr/2021 22:58:18] "[37mPOST /channels/create/v2 HTTP/1.1[0m" 200 -
127.0.0.1 - - [23/Apr/2021 22:58:18] "[31m[1mPOST /channel/join/v2 HTTP/1.1[0m" 400 -
127.0.0.1 - - [23/Apr/2021 22:58:18] "[33mPOST /message/send/v1 HTTP/1.1[0m" 404 -
127.0.0.1 - - [23/Apr/2021 22:58:18] "[37mDELETE /clear/v1 HTTP/1.1[0m" 200 -
127.0.0.1 - - [23/Apr/2021 22:58:18] "[37mPOST /auth/register/v2 HTTP/1.1[0m" 200 -
127.0.0.1 - - [23/Apr/2021 22:58:18] "[37mPOST /channels/create/v2 HTTP/1.1[0m" 200 -
127.0.0.1 - - [23/Apr/2021 22:58:18] "[37mPOST /channels/create/v2 HTTP/1.1[0m" 200 -
127.0.0.1 - - [23/Apr/2021 22:58:18] "[31m[1mPOST /channel/join/v2 HTTP/1.1[0m" 400 -
127.0.0.1 - - [23/Apr/2021 22:58:18] "[31m[1mPOST /channel/join/v2 HTTP/1.1[0m" 400 -
127.0.0.1 - - [23/Apr/2021 22:58:18] "[33mPOST /message/send/v1 HTTP/1.1[0m" 404 -
127.0.0.1 - - [23/Apr/2021 22:58:18] "[37mDELETE /clear/v1 HTTP/1.1[0m" 200 -
127.0.0.1 - - [23/Apr/2021 22:58:18] "[37mPOST /auth/register/v2 HTTP/1.1[0m" 200 -
127.0.0.1 - - [23/Apr/2021 22:58:18] "[37mPOST /auth/register/v2 HTTP/1.1[0m" 200 -
127.0.0.1 - - [23/Apr/2021 22:58:18] "[37mPOST /dm/create/v1 HTTP/1.1[0m" 200 -
127.0.0.1 - - [23/Apr/2021 22:58:18] "[37mPOST /dm/create/v1 HTTP/1.1[0m" 200 -
127.0.0.1 - - [23/Apr/2021 22:58:18] "[33mPOST //message/senddm/v2 HTTP/1.1[0m" 404 -
127.0.0.1 - - [23/Apr/2021 22:58:18] "[37mDELETE /clear/v1 HTTP/1.1[0m" 200 -
127.0.0.1 - - [23/Apr/2021 22:58:18] "[37mPOST /auth/register/v2 HTTP/1.1[0m" 200 -
127.0.0.1 - - [23/Apr/2021 22:58:18] "[37mPOST /auth/register/v2 HTTP/1.1[0m" 200 -
127.0.0.1 - - [23/Apr/2021 22:58:18] "[31m[1mPOST /dm/create/v1 HTTP/1.1[0m" 400 -
127.0.0.1 - - [23/Apr/2021 22:58:18] "[37mDELETE /clear/v1 HTTP/1.1[0m" 200 -
127.0.0.1 - - [23/Apr/2021 22:58:18] "[37mPOST /auth/register/v2 HTTP/1.1[0m" 200 -
127.0.0.1 - - [23/Apr/2021 22:58:18] "[31m[1mGET /search/v2 HTTP/1.1[0m" 403 -
127.0.0.1 - - [23/Apr/2021 22:58:18] "[37mDELETE /clear/v1 HTTP/1.1[0m" 200 -
127.0.0.1 - - [23/Apr/2021 22:58:18] "[37mPOST /auth/register/v2 HTTP/1.1[0m" 200 -
127.0.0.1 - - [23/Apr/2021 22:58:18] "[31m[1mGET /search/v2 HTTP/1.1[0m" 403 -
127.0.0.1 - - [23/Apr/2021 22:58:19] "[37mDELETE /clear/v1 HTTP/1.1[0m" 200 -
127.0.0.1 - - [23/Apr/2021 22:58:19] "[37mPOST /auth/register/v2 HTTP/1.1[0m" 200 -
127.0.0.1 - - [23/Apr/2021 22:58:19] "[37mGET /users/all/v1?token=eyJ0eXAiOiJKV1QiLCJhbGciOiJIUzI1NiJ9.eyJnaWQiOjE2NiwibG9naW5fdGltZSI6MTYxOTE4MjY5OSwic2FsdCI6IjEwNGYyNTAzLWQzZTUtNGRhZS1hYzk3LTMyYzE2NWQ3Yzg3YyJ9.gUlf1y7OC4vJ5qun9n-C_3hY-1BBor5hY65_WiNyX9Y HTTP/1.1[0m" 200 -
